2024-08-09 09:34:23 info: Mongo DB Conectado
2024-08-09 09:36:27 info: Mongo DB Conectado
2024-08-09 09:38:31 info: Mongo DB Conectado
2024-08-09 09:42:55 info: Mongo DB Conectado
2024-08-09 09:43:19 info: Mongo DB Conectado
2024-08-09 09:43:19 info: Escuchando el servidor en el puerto 8081
2024-08-09 09:43:28 info: Mongo DB Conectado
2024-08-09 09:43:28 info: Escuchando el servidor en el puerto 8081
2024-08-09 09:50:42 info: Mongo DB Conectado
2024-08-09 09:50:42 info: Escuchando el servidor en el puerto 8081
2024-08-09 09:51:16 info: Mongo DB Conectado
2024-08-09 09:51:16 info: Escuchando el servidor en el puerto 8081
2024-08-09 09:51:26 info: Mongo DB Conectado
2024-08-09 09:51:26 info: Escuchando el servidor en el puerto 8081
2024-08-09 09:58:55 info: Mongo DB Conectado
2024-08-09 09:58:55 info: Escuchando el servidor en el puerto 8081
2024-08-09 10:02:05 info: Mongo DB Conectado
2024-08-09 10:02:05 info: Escuchando el servidor en el puerto 8081
2024-08-09 10:02:47 info: Mongo DB Conectado
2024-08-09 10:02:47 info: Escuchando el servidor en el puerto 8081
2024-08-09 10:03:48 info: Mongo DB Conectado
2024-08-09 10:03:48 info: Escuchando el servidor en el puerto 8081
2024-08-09 10:03:58 info: Mongo DB Conectado
2024-08-09 10:03:58 info: Escuchando el servidor en el puerto 8081
2024-08-09 10:04:35 info: Mongo DB Conectado
2024-08-09 10:04:35 info: Escuchando el servidor en el puerto 8081
2024-08-09 10:04:40 info: This is the info level.
2024-08-09 10:05:20 info: Mongo DB Conectado
2024-08-09 10:05:20 info: Escuchando el servidor en el puerto 8081
2024-08-09 10:05:43 info: Mongo DB Conectado
2024-08-09 10:05:43 info: Escuchando el servidor en el puerto 8081
2024-08-09 10:05:55 info: Mongo DB Conectado
2024-08-09 10:05:55 info: Escuchando el servidor en el puerto 8081
2024-08-09 10:06:08 info: Este es el nivel info.
2024-08-09 10:06:08 warn: Este es el nivel warning.
2024-08-09 10:06:08 error: Este es el nivel error.
2024-08-09 10:06:30 info: Mongo DB Conectado
2024-08-09 10:06:30 info: Escuchando el servidor en el puerto 8081
2024-08-09 10:06:33 info: Este es el nivel info.
2024-08-09 10:06:33 warn: Este es el nivel warning.
2024-08-09 10:06:33 error: Este es el nivel error.
2024-08-09 10:06:35 info: Este es el nivel info.
2024-08-09 10:06:35 warn: Este es el nivel warning.
2024-08-09 10:06:35 error: Este es el nivel error.
2024-08-09 10:06:38 info: Este es el nivel info.
2024-08-09 10:06:38 warn: Este es el nivel warning.
2024-08-09 10:06:38 error: Este es el nivel error.
2024-08-09 10:06:46 info: Mongo DB Conectado
2024-08-09 10:06:46 info: Escuchando el servidor en el puerto 8081
2024-08-09 10:06:48 info: Este es el nivel info.
2024-08-09 10:06:48 warn: Este es el nivel warning.
2024-08-09 10:06:48 error: Este es el nivel error.
